<?xml version="1.0" encoding="UTF-8"?>
<testsuite name="com.bl.moodanalyzer.MoodAnalyzerTest" tests="1" skipped="0" failures="0" errors="0" timestamp="2020-04-22T15:10:31" hostname="HP" time="0.008">
  <properties/>
  <testcase name="givenHappyMood_ShouldReturnHappy" classname="com.bl.moodanalyzer.MoodAnalyzerTest" time="0.008"/>
  <system-out><![CDATA[]]></system-out>
  <system-err><![CDATA[]]></system-err>
</testsuite>
